{"level":"error","message":"couldnt get the genres couldnt get the genres","stack":"Error: couldnt get the genres\n    at F:\\node js\\vidly\\routes\\genres.js:20:8\n    at newFn (F:\\node js\\vidly\\node_modules\\express-async-errors\\index.js:16:20)\n    at Layer.handle [as handle_request] (F:\\node js\\vidly\\node_modules\\express\\lib\\router\\layer.js:95:5)\n    at next (F:\\node js\\vidly\\node_modules\\express\\lib\\router\\route.js:137:13)\n    at Route.dispatch (F:\\node js\\vidly\\node_modules\\express\\lib\\router\\route.js:112:3)\n    at newFn (F:\\node js\\vidly\\node_modules\\express-async-errors\\index.js:16:20)\n    at Layer.handle [as handle_request] (F:\\node js\\vidly\\node_modules\\express\\lib\\router\\layer.js:95:5)\n    at F:\\node js\\vidly\\node_modules\\express\\lib\\router\\index.js:281:22\n    at Function.process_params (F:\\node js\\vidly\\node_modules\\express\\lib\\router\\index.js:335:12)\n    at next (F:\\node js\\vidly\\node_modules\\express\\lib\\router\\index.js:275:10)\n    at Function.handle (F:\\node js\\vidly\\node_modules\\express\\lib\\router\\index.js:174:3)\n    at router (F:\\node js\\vidly\\node_modules\\express\\lib\\router\\index.js:47:12)\n    at newFn (F:\\node js\\vidly\\node_modules\\express-async-errors\\index.js:16:20)\n    at Layer.handle [as handle_request] (F:\\node js\\vidly\\node_modules\\express\\lib\\router\\layer.js:95:5)\n    at trim_prefix (F:\\node js\\vidly\\node_modules\\express\\lib\\router\\index.js:317:13)\n    at F:\\node js\\vidly\\node_modules\\express\\lib\\router\\index.js:284:7"}
{"level":"error","message":"couldnt get the genres couldnt get the genres","stack":"Error: couldnt get the genres\n    at F:\\node js\\vidly\\routes\\genres.js:20:8\n    at newFn (F:\\node js\\vidly\\node_modules\\express-async-errors\\index.js:16:20)\n    at Layer.handle [as handle_request] (F:\\node js\\vidly\\node_modules\\express\\lib\\router\\layer.js:95:5)\n    at next (F:\\node js\\vidly\\node_modules\\express\\lib\\router\\route.js:137:13)\n    at Route.dispatch (F:\\node js\\vidly\\node_modules\\express\\lib\\router\\route.js:112:3)\n    at newFn (F:\\node js\\vidly\\node_modules\\express-async-errors\\index.js:16:20)\n    at Layer.handle [as handle_request] (F:\\node js\\vidly\\node_modules\\express\\lib\\router\\layer.js:95:5)\n    at F:\\node js\\vidly\\node_modules\\express\\lib\\router\\index.js:281:22\n    at Function.process_params (F:\\node js\\vidly\\node_modules\\express\\lib\\router\\index.js:335:12)\n    at next (F:\\node js\\vidly\\node_modules\\express\\lib\\router\\index.js:275:10)\n    at Function.handle (F:\\node js\\vidly\\node_modules\\express\\lib\\router\\index.js:174:3)\n    at router (F:\\node js\\vidly\\node_modules\\express\\lib\\router\\index.js:47:12)\n    at newFn (F:\\node js\\vidly\\node_modules\\express-async-errors\\index.js:16:20)\n    at Layer.handle [as handle_request] (F:\\node js\\vidly\\node_modules\\express\\lib\\router\\layer.js:95:5)\n    at trim_prefix (F:\\node js\\vidly\\node_modules\\express\\lib\\router\\index.js:317:13)\n    at F:\\node js\\vidly\\node_modules\\express\\lib\\router\\index.js:284:7"}
{"level":"error","message":"couldnt get the genres couldnt get the genres","stack":"Error: couldnt get the genres\n    at F:\\node js\\vidly\\routes\\genres.js:20:8\n    at newFn (F:\\node js\\vidly\\node_modules\\express-async-errors\\index.js:16:20)\n    at Layer.handle [as handle_request] (F:\\node js\\vidly\\node_modules\\express\\lib\\router\\layer.js:95:5)\n    at next (F:\\node js\\vidly\\node_modules\\express\\lib\\router\\route.js:137:13)\n    at Route.dispatch (F:\\node js\\vidly\\node_modules\\express\\lib\\router\\route.js:112:3)\n    at newFn (F:\\node js\\vidly\\node_modules\\express-async-errors\\index.js:16:20)\n    at Layer.handle [as handle_request] (F:\\node js\\vidly\\node_modules\\express\\lib\\router\\layer.js:95:5)\n    at F:\\node js\\vidly\\node_modules\\express\\lib\\router\\index.js:281:22\n    at Function.process_params (F:\\node js\\vidly\\node_modules\\express\\lib\\router\\index.js:335:12)\n    at next (F:\\node js\\vidly\\node_modules\\express\\lib\\router\\index.js:275:10)\n    at Function.handle (F:\\node js\\vidly\\node_modules\\express\\lib\\router\\index.js:174:3)\n    at router (F:\\node js\\vidly\\node_modules\\express\\lib\\router\\index.js:47:12)\n    at newFn (F:\\node js\\vidly\\node_modules\\express-async-errors\\index.js:16:20)\n    at Layer.handle [as handle_request] (F:\\node js\\vidly\\node_modules\\express\\lib\\router\\layer.js:95:5)\n    at trim_prefix (F:\\node js\\vidly\\node_modules\\express\\lib\\router\\index.js:317:13)\n    at F:\\node js\\vidly\\node_modules\\express\\lib\\router\\index.js:284:7"}
{"level":"error","message":"couldnt get the genres couldnt get the genres","stack":"Error: couldnt get the genres\n    at F:\\node js\\vidly\\routes\\genres.js:20:8\n    at newFn (F:\\node js\\vidly\\node_modules\\express-async-errors\\index.js:16:20)\n    at Layer.handle [as handle_request] (F:\\node js\\vidly\\node_modules\\express\\lib\\router\\layer.js:95:5)\n    at next (F:\\node js\\vidly\\node_modules\\express\\lib\\router\\route.js:137:13)\n    at Route.dispatch (F:\\node js\\vidly\\node_modules\\express\\lib\\router\\route.js:112:3)\n    at newFn (F:\\node js\\vidly\\node_modules\\express-async-errors\\index.js:16:20)\n    at Layer.handle [as handle_request] (F:\\node js\\vidly\\node_modules\\express\\lib\\router\\layer.js:95:5)\n    at F:\\node js\\vidly\\node_modules\\express\\lib\\router\\index.js:281:22\n    at Function.process_params (F:\\node js\\vidly\\node_modules\\express\\lib\\router\\index.js:335:12)\n    at next (F:\\node js\\vidly\\node_modules\\express\\lib\\router\\index.js:275:10)\n    at Function.handle (F:\\node js\\vidly\\node_modules\\express\\lib\\router\\index.js:174:3)\n    at router (F:\\node js\\vidly\\node_modules\\express\\lib\\router\\index.js:47:12)\n    at newFn (F:\\node js\\vidly\\node_modules\\express-async-errors\\index.js:16:20)\n    at Layer.handle [as handle_request] (F:\\node js\\vidly\\node_modules\\express\\lib\\router\\layer.js:95:5)\n    at trim_prefix (F:\\node js\\vidly\\node_modules\\express\\lib\\router\\index.js:317:13)\n    at F:\\node js\\vidly\\node_modules\\express\\lib\\router\\index.js:284:7"}
{"level":"error","message":"couldnt get the genres couldnt get the genres","stack":"Error: couldnt get the genres\n    at F:\\node js\\vidly\\routes\\genres.js:20:8\n    at newFn (F:\\node js\\vidly\\node_modules\\express-async-errors\\index.js:16:20)\n    at Layer.handle [as handle_request] (F:\\node js\\vidly\\node_modules\\express\\lib\\router\\layer.js:95:5)\n    at next (F:\\node js\\vidly\\node_modules\\express\\lib\\router\\route.js:137:13)\n    at Route.dispatch (F:\\node js\\vidly\\node_modules\\express\\lib\\router\\route.js:112:3)\n    at newFn (F:\\node js\\vidly\\node_modules\\express-async-errors\\index.js:16:20)\n    at Layer.handle [as handle_request] (F:\\node js\\vidly\\node_modules\\express\\lib\\router\\layer.js:95:5)\n    at F:\\node js\\vidly\\node_modules\\express\\lib\\router\\index.js:281:22\n    at Function.process_params (F:\\node js\\vidly\\node_modules\\express\\lib\\router\\index.js:335:12)\n    at next (F:\\node js\\vidly\\node_modules\\express\\lib\\router\\index.js:275:10)\n    at Function.handle (F:\\node js\\vidly\\node_modules\\express\\lib\\router\\index.js:174:3)\n    at router (F:\\node js\\vidly\\node_modules\\express\\lib\\router\\index.js:47:12)\n    at newFn (F:\\node js\\vidly\\node_modules\\express-async-errors\\index.js:16:20)\n    at Layer.handle [as handle_request] (F:\\node js\\vidly\\node_modules\\express\\lib\\router\\layer.js:95:5)\n    at trim_prefix (F:\\node js\\vidly\\node_modules\\express\\lib\\router\\index.js:317:13)\n    at F:\\node js\\vidly\\node_modules\\express\\lib\\router\\index.js:284:7"}
{"level":"error","message":"couldnt get the genres couldnt get the genres","stack":"Error: couldnt get the genres\n    at F:\\node js\\vidly\\routes\\genres.js:20:8\n    at newFn (F:\\node js\\vidly\\node_modules\\express-async-errors\\index.js:16:20)\n    at Layer.handle [as handle_request] (F:\\node js\\vidly\\node_modules\\express\\lib\\router\\layer.js:95:5)\n    at next (F:\\node js\\vidly\\node_modules\\express\\lib\\router\\route.js:137:13)\n    at Route.dispatch (F:\\node js\\vidly\\node_modules\\express\\lib\\router\\route.js:112:3)\n    at newFn (F:\\node js\\vidly\\node_modules\\express-async-errors\\index.js:16:20)\n    at Layer.handle [as handle_request] (F:\\node js\\vidly\\node_modules\\express\\lib\\router\\layer.js:95:5)\n    at F:\\node js\\vidly\\node_modules\\express\\lib\\router\\index.js:281:22\n    at Function.process_params (F:\\node js\\vidly\\node_modules\\express\\lib\\router\\index.js:335:12)\n    at next (F:\\node js\\vidly\\node_modules\\express\\lib\\router\\index.js:275:10)\n    at Function.handle (F:\\node js\\vidly\\node_modules\\express\\lib\\router\\index.js:174:3)\n    at router (F:\\node js\\vidly\\node_modules\\express\\lib\\router\\index.js:47:12)\n    at newFn (F:\\node js\\vidly\\node_modules\\express-async-errors\\index.js:16:20)\n    at Layer.handle [as handle_request] (F:\\node js\\vidly\\node_modules\\express\\lib\\router\\layer.js:95:5)\n    at trim_prefix (F:\\node js\\vidly\\node_modules\\express\\lib\\router\\index.js:317:13)\n    at F:\\node js\\vidly\\node_modules\\express\\lib\\router\\index.js:284:7"}
{"level":"error","message":"couldnt get the genres couldnt get the genres","stack":"Error: couldnt get the genres\n    at F:\\node js\\vidly\\routes\\genres.js:20:8\n    at newFn (F:\\node js\\vidly\\node_modules\\express-async-errors\\index.js:16:20)\n    at Layer.handle [as handle_request] (F:\\node js\\vidly\\node_modules\\express\\lib\\router\\layer.js:95:5)\n    at next (F:\\node js\\vidly\\node_modules\\express\\lib\\router\\route.js:137:13)\n    at Route.dispatch (F:\\node js\\vidly\\node_modules\\express\\lib\\router\\route.js:112:3)\n    at newFn (F:\\node js\\vidly\\node_modules\\express-async-errors\\index.js:16:20)\n    at Layer.handle [as handle_request] (F:\\node js\\vidly\\node_modules\\express\\lib\\router\\layer.js:95:5)\n    at F:\\node js\\vidly\\node_modules\\express\\lib\\router\\index.js:281:22\n    at Function.process_params (F:\\node js\\vidly\\node_modules\\express\\lib\\router\\index.js:335:12)\n    at next (F:\\node js\\vidly\\node_modules\\express\\lib\\router\\index.js:275:10)\n    at Function.handle (F:\\node js\\vidly\\node_modules\\express\\lib\\router\\index.js:174:3)\n    at router (F:\\node js\\vidly\\node_modules\\express\\lib\\router\\index.js:47:12)\n    at newFn (F:\\node js\\vidly\\node_modules\\express-async-errors\\index.js:16:20)\n    at Layer.handle [as handle_request] (F:\\node js\\vidly\\node_modules\\express\\lib\\router\\layer.js:95:5)\n    at trim_prefix (F:\\node js\\vidly\\node_modules\\express\\lib\\router\\index.js:317:13)\n    at F:\\node js\\vidly\\node_modules\\express\\lib\\router\\index.js:284:7"}
{"level":"error","message":"couldnt get the genres couldnt get the genres","stack":"Error: couldnt get the genres\n    at F:\\node js\\vidly\\routes\\genres.js:20:8\n    at newFn (F:\\node js\\vidly\\node_modules\\express-async-errors\\index.js:16:20)\n    at Layer.handle [as handle_request] (F:\\node js\\vidly\\node_modules\\express\\lib\\router\\layer.js:95:5)\n    at next (F:\\node js\\vidly\\node_modules\\express\\lib\\router\\route.js:137:13)\n    at Route.dispatch (F:\\node js\\vidly\\node_modules\\express\\lib\\router\\route.js:112:3)\n    at newFn (F:\\node js\\vidly\\node_modules\\express-async-errors\\index.js:16:20)\n    at Layer.handle [as handle_request] (F:\\node js\\vidly\\node_modules\\express\\lib\\router\\layer.js:95:5)\n    at F:\\node js\\vidly\\node_modules\\express\\lib\\router\\index.js:281:22\n    at Function.process_params (F:\\node js\\vidly\\node_modules\\express\\lib\\router\\index.js:335:12)\n    at next (F:\\node js\\vidly\\node_modules\\express\\lib\\router\\index.js:275:10)\n    at Function.handle (F:\\node js\\vidly\\node_modules\\express\\lib\\router\\index.js:174:3)\n    at router (F:\\node js\\vidly\\node_modules\\express\\lib\\router\\index.js:47:12)\n    at newFn (F:\\node js\\vidly\\node_modules\\express-async-errors\\index.js:16:20)\n    at Layer.handle [as handle_request] (F:\\node js\\vidly\\node_modules\\express\\lib\\router\\layer.js:95:5)\n    at trim_prefix (F:\\node js\\vidly\\node_modules\\express\\lib\\router\\index.js:317:13)\n    at F:\\node js\\vidly\\node_modules\\express\\lib\\router\\index.js:284:7"}
{"level":"error","message":"couldnt get the genres couldnt get the genres","stack":"Error: couldnt get the genres\n    at F:\\node js\\vidly\\routes\\genres.js:20:8\n    at newFn (F:\\node js\\vidly\\node_modules\\express-async-errors\\index.js:16:20)\n    at Layer.handle [as handle_request] (F:\\node js\\vidly\\node_modules\\express\\lib\\router\\layer.js:95:5)\n    at next (F:\\node js\\vidly\\node_modules\\express\\lib\\router\\route.js:137:13)\n    at Route.dispatch (F:\\node js\\vidly\\node_modules\\express\\lib\\router\\route.js:112:3)\n    at newFn (F:\\node js\\vidly\\node_modules\\express-async-errors\\index.js:16:20)\n    at Layer.handle [as handle_request] (F:\\node js\\vidly\\node_modules\\express\\lib\\router\\layer.js:95:5)\n    at F:\\node js\\vidly\\node_modules\\express\\lib\\router\\index.js:281:22\n    at Function.process_params (F:\\node js\\vidly\\node_modules\\express\\lib\\router\\index.js:335:12)\n    at next (F:\\node js\\vidly\\node_modules\\express\\lib\\router\\index.js:275:10)\n    at Function.handle (F:\\node js\\vidly\\node_modules\\express\\lib\\router\\index.js:174:3)\n    at router (F:\\node js\\vidly\\node_modules\\express\\lib\\router\\index.js:47:12)\n    at newFn (F:\\node js\\vidly\\node_modules\\express-async-errors\\index.js:16:20)\n    at Layer.handle [as handle_request] (F:\\node js\\vidly\\node_modules\\express\\lib\\router\\layer.js:95:5)\n    at trim_prefix (F:\\node js\\vidly\\node_modules\\express\\lib\\router\\index.js:317:13)\n    at F:\\node js\\vidly\\node_modules\\express\\lib\\router\\index.js:284:7"}
{"level":"error","message":"Info is not defined Info is not defined","stack":"ReferenceError: Info is not defined\n    at F:\\node js\\vidly\\routes\\genres.js:20:2\n    at newFn (F:\\node js\\vidly\\node_modules\\express-async-errors\\index.js:16:20)\n    at Layer.handle [as handle_request] (F:\\node js\\vidly\\node_modules\\express\\lib\\router\\layer.js:95:5)\n    at next (F:\\node js\\vidly\\node_modules\\express\\lib\\router\\route.js:137:13)\n    at Route.dispatch (F:\\node js\\vidly\\node_modules\\express\\lib\\router\\route.js:112:3)\n    at newFn (F:\\node js\\vidly\\node_modules\\express-async-errors\\index.js:16:20)\n    at Layer.handle [as handle_request] (F:\\node js\\vidly\\node_modules\\express\\lib\\router\\layer.js:95:5)\n    at F:\\node js\\vidly\\node_modules\\express\\lib\\router\\index.js:281:22\n    at Function.process_params (F:\\node js\\vidly\\node_modules\\express\\lib\\router\\index.js:335:12)\n    at next (F:\\node js\\vidly\\node_modules\\express\\lib\\router\\index.js:275:10)\n    at Function.handle (F:\\node js\\vidly\\node_modules\\express\\lib\\router\\index.js:174:3)\n    at router (F:\\node js\\vidly\\node_modules\\express\\lib\\router\\index.js:47:12)\n    at newFn (F:\\node js\\vidly\\node_modules\\express-async-errors\\index.js:16:20)\n    at Layer.handle [as handle_request] (F:\\node js\\vidly\\node_modules\\express\\lib\\router\\layer.js:95:5)\n    at trim_prefix (F:\\node js\\vidly\\node_modules\\express\\lib\\router\\index.js:317:13)\n    at F:\\node js\\vidly\\node_modules\\express\\lib\\router\\index.js:284:7"}
{"level":"error","message":"Something failed during startup Something failed during startup","stack":"Error: Something failed during startup\n    at Object.<anonymous> (F:\\node js\\vidly\\vidly.js:22:7)\n    at Module._compile (internal/modules/cjs/loader.js:959:30)\n    at Object.Module._extensions..js (internal/modules/cjs/loader.js:995:10)\n    at Module.load (internal/modules/cjs/loader.js:815:32)\n    at Function.Module._load (internal/modules/cjs/loader.js:727:14)\n    at Function.Module.runMain (internal/modules/cjs/loader.js:1047:10)\n    at internal/main/run_main_module.js:17:11"}
{"level":"error","message":"Something failed during startup Something failed during startup","stack":"Error: Something failed during startup\n    at Object.<anonymous> (F:\\node js\\vidly\\vidly.js:22:7)\n    at Module._compile (internal/modules/cjs/loader.js:959:30)\n    at Object.Module._extensions..js (internal/modules/cjs/loader.js:995:10)\n    at Module.load (internal/modules/cjs/loader.js:815:32)\n    at Function.Module._load (internal/modules/cjs/loader.js:727:14)\n    at Function.Module.runMain (internal/modules/cjs/loader.js:1047:10)\n    at internal/main/run_main_module.js:17:11"}
{"level":"error","message":"Something failed during startup Something failed during startup","stack":"Error: Something failed during startup\n    at Object.<anonymous> (F:\\node js\\vidly\\vidly.js:27:7)\n    at Module._compile (internal/modules/cjs/loader.js:959:30)\n    at Object.Module._extensions..js (internal/modules/cjs/loader.js:995:10)\n    at Module.load (internal/modules/cjs/loader.js:815:32)\n    at Function.Module._load (internal/modules/cjs/loader.js:727:14)\n    at Function.Module.runMain (internal/modules/cjs/loader.js:1047:10)\n    at internal/main/run_main_module.js:17:11"}
{"level":"error","message":"smthng went wrong smthng went wrong","stack":"Error: smthng went wrong\n    at Object.<anonymous> (F:\\node js\\vidly\\vidly.js:27:24)\n    at Module._compile (internal/modules/cjs/loader.js:959:30)\n    at Object.Module._extensions..js (internal/modules/cjs/loader.js:995:10)\n    at Module.load (internal/modules/cjs/loader.js:815:32)\n    at Function.Module._load (internal/modules/cjs/loader.js:727:14)\n    at Function.Module.runMain (internal/modules/cjs/loader.js:1047:10)\n    at internal/main/run_main_module.js:17:11"}
{"message":"connected to mongodb","level":"info"}
{"message":"connected to mongodb","level":"info"}
{"message":"listening port 4000...","level":"info"}
{"message":"connected to mongodb","level":"info"}
{"message":"connected to mongodb","level":"info"}
{"message":"connected to mongodb","level":"info"}
{"message":"listening port 4000...","level":"info"}
{"message":"connected to mongodb","level":"info"}
{"message":"connected to mongodbmongodb://localhost/vidly","level":"info"}
{"message":"listening port 4000...","level":"info"}
{"message":"connected to mongodb://localhost/vidly","level":"info"}
{"message":"listening port 4000...","level":"info"}
{"message":"connected to mongodb://localhost/vidly","level":"info"}
{"message":"listening port 4000...","level":"info"}
{"message":"connected to mongodb://localhost/vidly_test","level":"info"}
{"message":"listening port 4000...","level":"info"}
{"message":"connected to mongodb://localhost/vidly_test","level":"info"}
{"message":"listening port 4000...","level":"info"}
{"message":"connected to mongodb://localhost/vidly_test","level":"info"}
{"message":"listening port 4000...","level":"info"}
{"message":"connected to mongodb://localhost/vidly_test","level":"info"}
{"message":"listening port 4000...","level":"info"}
{"message":"connected to mongodb://localhost/vidly_test","level":"info"}
{"message":"listening port 4000...","level":"info"}
{"message":"connected to mongodb://localhost/vidly_test","level":"info"}
{"message":"listening port 4000...","level":"info"}
{"message":"connected to mongodb://localhost/vidly_test","level":"info"}
{"message":"listening port 4000...","level":"info"}
{"message":"connected to mongodb://localhost/vidly_test","level":"info"}
{"message":"listening port 4000...","level":"info"}
{"message":"connected to mongodb://localhost/vidly_test","level":"info"}
{"message":"listening port 4000...","level":"info"}
{"message":"connected to mongodb://localhost/vidly_test","level":"info"}
{"message":"listening port 4000...","level":"info"}
{"message":"connected to mongodb://localhost/vidly_test","level":"info"}
{"message":"listening port 4000...","level":"info"}
{"message":"connected to mongodb://localhost/vidly_test","level":"info"}
{"message":"listening port 4000...","level":"info"}
{"message":"connected to mongodb://localhost/vidly_test","level":"info"}
{"message":"listening port 4000...","level":"info"}
{"message":"connected to mongodb://localhost/vidly_test","level":"info"}
{"message":"listening port 4000...","level":"info"}
{"message":"connected to mongodb://localhost/vidly_test","level":"info"}
{"message":"listening port 4000...","level":"info"}
{"message":"connected to mongodb://localhost/vidly_test","level":"info"}
{"message":"listening port 4000...","level":"info"}
{"message":"connected to mongodb://localhost/vidly_test","level":"info"}
{"message":"listening port 4000...","level":"info"}
{"message":"connected to mongodb://localhost/vidly_test","level":"info"}
{"message":"listening port 4000...","level":"info"}
{"message":"connected to mongodb://localhost/vidly_test","level":"info"}
{"message":"listening port 4000...","level":"info"}
{"message":"connected to mongodb://localhost/vidly_test","level":"info"}
{"message":"listening port 4000...","level":"info"}
{"message":"connected to mongodb://localhost/vidly_test","level":"info"}
{"message":"listening port 4000...","level":"info"}
{"message":"connected to mongodb://localhost/vidly_test","level":"info"}
{"message":"listening port 4000...","level":"info"}
{"message":"connected to mongodb://localhost/vidly_test","level":"info"}
{"message":"listening port 4000...","level":"info"}
{"message":"connected to mongodb://localhost/vidly_test","level":"info"}
{"message":"listening port 4000...","level":"info"}
{"message":"connected to mongodb://localhost/vidly_test","level":"info"}
{"message":"listening port 4000...","level":"info"}
{"message":"connected to mongodb://localhost/vidly_test","level":"info"}
{"level":"error","message":"Joi.validate is not a function Joi.validate is not a function","stack":"TypeError: Joi.validate is not a function\n    at validate (F:\\node js\\vidly\\models\\genre.js:20:14)\n    at F:\\node js\\vidly\\routes\\genres.js:29:17\n    at newFn (F:\\node js\\vidly\\node_modules\\express-async-errors\\index.js:16:20)\n    at Layer.handle [as handle_request] (F:\\node js\\vidly\\node_modules\\express\\lib\\router\\layer.js:95:5)\n    at next (F:\\node js\\vidly\\node_modules\\express\\lib\\router\\route.js:137:13)\n    at module.exports (F:\\node js\\vidly\\middleware\\auth.js:10:3)\n    at newFn (F:\\node js\\vidly\\node_modules\\express-async-errors\\index.js:16:20)\n    at Layer.handle [as handle_request] (F:\\node js\\vidly\\node_modules\\express\\lib\\router\\layer.js:95:5)\n    at next (F:\\node js\\vidly\\node_modules\\express\\lib\\router\\route.js:137:13)\n    at Route.dispatch (F:\\node js\\vidly\\node_modules\\express\\lib\\router\\route.js:112:3)\n    at newFn (F:\\node js\\vidly\\node_modules\\express-async-errors\\index.js:16:20)\n    at Layer.handle [as handle_request] (F:\\node js\\vidly\\node_modules\\express\\lib\\router\\layer.js:95:5)\n    at F:\\node js\\vidly\\node_modules\\express\\lib\\router\\index.js:281:22\n    at Function.process_params (F:\\node js\\vidly\\node_modules\\express\\lib\\router\\index.js:335:12)\n    at next (F:\\node js\\vidly\\node_modules\\express\\lib\\router\\index.js:275:10)\n    at Function.handle (F:\\node js\\vidly\\node_modules\\express\\lib\\router\\index.js:174:3)\n    at router (F:\\node js\\vidly\\node_modules\\express\\lib\\router\\index.js:47:12)\n    at newFn (F:\\node js\\vidly\\node_modules\\express-async-errors\\index.js:16:20)\n    at Layer.handle [as handle_request] (F:\\node js\\vidly\\node_modules\\express\\lib\\router\\layer.js:95:5)\n    at trim_prefix (F:\\node js\\vidly\\node_modules\\express\\lib\\router\\index.js:317:13)\n    at F:\\node js\\vidly\\node_modules\\express\\lib\\router\\index.js:284:7\n    at Function.process_params (F:\\node js\\vidly\\node_modules\\express\\lib\\router\\index.js:335:12)\n    at next (F:\\node js\\vidly\\node_modules\\express\\lib\\router\\index.js:275:10)\n    at F:\\node js\\vidly\\node_modules\\body-parser\\lib\\read.js:130:5\n    at invokeCallback (F:\\node js\\vidly\\node_modules\\raw-body\\index.js:224:16)\n    at done (F:\\node js\\vidly\\node_modules\\raw-body\\index.js:213:7)\n    at IncomingMessage.onEnd (F:\\node js\\vidly\\node_modules\\raw-body\\index.js:273:7)\n    at IncomingMessage.emit (events.js:215:7)\n    at endReadableNT (_stream_readable.js:1184:12)\n    at processTicksAndRejections (internal/process/task_queues.js:80:21)"}
{"message":"listening port 4000...","level":"info"}
{"message":"connected to mongodb://localhost/vidly_test","level":"info"}
{"level":"error","message":"Joi.validate is not a function Joi.validate is not a function","stack":"TypeError: Joi.validate is not a function\n    at validate (F:\\node js\\vidly\\models\\genre.js:20:14)\n    at F:\\node js\\vidly\\routes\\genres.js:29:17\n    at newFn (F:\\node js\\vidly\\node_modules\\express-async-errors\\index.js:16:20)\n    at Layer.handle [as handle_request] (F:\\node js\\vidly\\node_modules\\express\\lib\\router\\layer.js:95:5)\n    at next (F:\\node js\\vidly\\node_modules\\express\\lib\\router\\route.js:137:13)\n    at module.exports (F:\\node js\\vidly\\middleware\\auth.js:10:3)\n    at newFn (F:\\node js\\vidly\\node_modules\\express-async-errors\\index.js:16:20)\n    at Layer.handle [as handle_request] (F:\\node js\\vidly\\node_modules\\express\\lib\\router\\layer.js:95:5)\n    at next (F:\\node js\\vidly\\node_modules\\express\\lib\\router\\route.js:137:13)\n    at Route.dispatch (F:\\node js\\vidly\\node_modules\\express\\lib\\router\\route.js:112:3)\n    at newFn (F:\\node js\\vidly\\node_modules\\express-async-errors\\index.js:16:20)\n    at Layer.handle [as handle_request] (F:\\node js\\vidly\\node_modules\\express\\lib\\router\\layer.js:95:5)\n    at F:\\node js\\vidly\\node_modules\\express\\lib\\router\\index.js:281:22\n    at Function.process_params (F:\\node js\\vidly\\node_modules\\express\\lib\\router\\index.js:335:12)\n    at next (F:\\node js\\vidly\\node_modules\\express\\lib\\router\\index.js:275:10)\n    at Function.handle (F:\\node js\\vidly\\node_modules\\express\\lib\\router\\index.js:174:3)\n    at router (F:\\node js\\vidly\\node_modules\\express\\lib\\router\\index.js:47:12)\n    at newFn (F:\\node js\\vidly\\node_modules\\express-async-errors\\index.js:16:20)\n    at Layer.handle [as handle_request] (F:\\node js\\vidly\\node_modules\\express\\lib\\router\\layer.js:95:5)\n    at trim_prefix (F:\\node js\\vidly\\node_modules\\express\\lib\\router\\index.js:317:13)\n    at F:\\node js\\vidly\\node_modules\\express\\lib\\router\\index.js:284:7\n    at Function.process_params (F:\\node js\\vidly\\node_modules\\express\\lib\\router\\index.js:335:12)\n    at next (F:\\node js\\vidly\\node_modules\\express\\lib\\router\\index.js:275:10)\n    at F:\\node js\\vidly\\node_modules\\body-parser\\lib\\read.js:130:5\n    at invokeCallback (F:\\node js\\vidly\\node_modules\\raw-body\\index.js:224:16)\n    at done (F:\\node js\\vidly\\node_modules\\raw-body\\index.js:213:7)\n    at IncomingMessage.onEnd (F:\\node js\\vidly\\node_modules\\raw-body\\index.js:273:7)\n    at IncomingMessage.emit (events.js:215:7)\n    at endReadableNT (_stream_readable.js:1184:12)\n    at processTicksAndRejections (internal/process/task_queues.js:80:21)"}
{"message":"listening port 4000...","level":"info"}
{"message":"connected to mongodb://localhost/vidly_test","level":"info"}
{"level":"error","message":"Joi.validate is not a function Joi.validate is not a function","stack":"TypeError: Joi.validate is not a function\n    at validate (F:\\node js\\vidly\\models\\genre.js:20:14)\n    at F:\\node js\\vidly\\routes\\genres.js:29:17\n    at newFn (F:\\node js\\vidly\\node_modules\\express-async-errors\\index.js:16:20)\n    at Layer.handle [as handle_request] (F:\\node js\\vidly\\node_modules\\express\\lib\\router\\layer.js:95:5)\n    at next (F:\\node js\\vidly\\node_modules\\express\\lib\\router\\route.js:137:13)\n    at module.exports (F:\\node js\\vidly\\middleware\\auth.js:10:3)\n    at newFn (F:\\node js\\vidly\\node_modules\\express-async-errors\\index.js:16:20)\n    at Layer.handle [as handle_request] (F:\\node js\\vidly\\node_modules\\express\\lib\\router\\layer.js:95:5)\n    at next (F:\\node js\\vidly\\node_modules\\express\\lib\\router\\route.js:137:13)\n    at Route.dispatch (F:\\node js\\vidly\\node_modules\\express\\lib\\router\\route.js:112:3)\n    at newFn (F:\\node js\\vidly\\node_modules\\express-async-errors\\index.js:16:20)\n    at Layer.handle [as handle_request] (F:\\node js\\vidly\\node_modules\\express\\lib\\router\\layer.js:95:5)\n    at F:\\node js\\vidly\\node_modules\\express\\lib\\router\\index.js:281:22\n    at Function.process_params (F:\\node js\\vidly\\node_modules\\express\\lib\\router\\index.js:335:12)\n    at next (F:\\node js\\vidly\\node_modules\\express\\lib\\router\\index.js:275:10)\n    at Function.handle (F:\\node js\\vidly\\node_modules\\express\\lib\\router\\index.js:174:3)\n    at router (F:\\node js\\vidly\\node_modules\\express\\lib\\router\\index.js:47:12)\n    at newFn (F:\\node js\\vidly\\node_modules\\express-async-errors\\index.js:16:20)\n    at Layer.handle [as handle_request] (F:\\node js\\vidly\\node_modules\\express\\lib\\router\\layer.js:95:5)\n    at trim_prefix (F:\\node js\\vidly\\node_modules\\express\\lib\\router\\index.js:317:13)\n    at F:\\node js\\vidly\\node_modules\\express\\lib\\router\\index.js:284:7\n    at Function.process_params (F:\\node js\\vidly\\node_modules\\express\\lib\\router\\index.js:335:12)\n    at next (F:\\node js\\vidly\\node_modules\\express\\lib\\router\\index.js:275:10)\n    at F:\\node js\\vidly\\node_modules\\body-parser\\lib\\read.js:130:5\n    at invokeCallback (F:\\node js\\vidly\\node_modules\\raw-body\\index.js:224:16)\n    at done (F:\\node js\\vidly\\node_modules\\raw-body\\index.js:213:7)\n    at IncomingMessage.onEnd (F:\\node js\\vidly\\node_modules\\raw-body\\index.js:273:7)\n    at IncomingMessage.emit (events.js:215:7)\n    at endReadableNT (_stream_readable.js:1184:12)\n    at processTicksAndRejections (internal/process/task_queues.js:80:21)"}
{"message":"listening port 4000...","level":"info"}
{"message":"connected to mongodb://localhost/vidly_test","level":"info"}
{"level":"error","message":"Joi.validate is not a function Joi.validate is not a function","stack":"TypeError: Joi.validate is not a function\n    at validate (F:\\node js\\vidly\\models\\genre.js:20:14)\n    at F:\\node js\\vidly\\routes\\genres.js:29:17\n    at newFn (F:\\node js\\vidly\\node_modules\\express-async-errors\\index.js:16:20)\n    at Layer.handle [as handle_request] (F:\\node js\\vidly\\node_modules\\express\\lib\\router\\layer.js:95:5)\n    at next (F:\\node js\\vidly\\node_modules\\express\\lib\\router\\route.js:137:13)\n    at module.exports (F:\\node js\\vidly\\middleware\\auth.js:10:3)\n    at newFn (F:\\node js\\vidly\\node_modules\\express-async-errors\\index.js:16:20)\n    at Layer.handle [as handle_request] (F:\\node js\\vidly\\node_modules\\express\\lib\\router\\layer.js:95:5)\n    at next (F:\\node js\\vidly\\node_modules\\express\\lib\\router\\route.js:137:13)\n    at Route.dispatch (F:\\node js\\vidly\\node_modules\\express\\lib\\router\\route.js:112:3)\n    at newFn (F:\\node js\\vidly\\node_modules\\express-async-errors\\index.js:16:20)\n    at Layer.handle [as handle_request] (F:\\node js\\vidly\\node_modules\\express\\lib\\router\\layer.js:95:5)\n    at F:\\node js\\vidly\\node_modules\\express\\lib\\router\\index.js:281:22\n    at Function.process_params (F:\\node js\\vidly\\node_modules\\express\\lib\\router\\index.js:335:12)\n    at next (F:\\node js\\vidly\\node_modules\\express\\lib\\router\\index.js:275:10)\n    at Function.handle (F:\\node js\\vidly\\node_modules\\express\\lib\\router\\index.js:174:3)\n    at router (F:\\node js\\vidly\\node_modules\\express\\lib\\router\\index.js:47:12)\n    at newFn (F:\\node js\\vidly\\node_modules\\express-async-errors\\index.js:16:20)\n    at Layer.handle [as handle_request] (F:\\node js\\vidly\\node_modules\\express\\lib\\router\\layer.js:95:5)\n    at trim_prefix (F:\\node js\\vidly\\node_modules\\express\\lib\\router\\index.js:317:13)\n    at F:\\node js\\vidly\\node_modules\\express\\lib\\router\\index.js:284:7\n    at Function.process_params (F:\\node js\\vidly\\node_modules\\express\\lib\\router\\index.js:335:12)\n    at next (F:\\node js\\vidly\\node_modules\\express\\lib\\router\\index.js:275:10)\n    at F:\\node js\\vidly\\node_modules\\body-parser\\lib\\read.js:130:5\n    at invokeCallback (F:\\node js\\vidly\\node_modules\\raw-body\\index.js:224:16)\n    at done (F:\\node js\\vidly\\node_modules\\raw-body\\index.js:213:7)\n    at IncomingMessage.onEnd (F:\\node js\\vidly\\node_modules\\raw-body\\index.js:273:7)\n    at IncomingMessage.emit (events.js:215:7)\n    at endReadableNT (_stream_readable.js:1184:12)\n    at processTicksAndRejections (internal/process/task_queues.js:80:21)"}
{"message":"listening port 4000...","level":"info"}
{"message":"connected to mongodb://localhost/vidly_test","level":"info"}
{"message":"listening port 4000...","level":"info"}
{"message":"connected to mongodb://localhost/vidly_test","level":"info"}
{"message":"listening port 4000...","level":"info"}
{"message":"connected to mongodb://localhost/vidly_test","level":"info"}
{"message":"listening port 4000...","level":"info"}
{"message":"connected to mongodb://localhost/vidly_test","level":"info"}
{"message":"listening port 4000...","level":"info"}
{"message":"connected to mongodb://localhost/vidly_test","level":"info"}
{"message":"listening port 4000...","level":"info"}
{"message":"connected to mongodb://localhost/vidly_test","level":"info"}
{"message":"listening port 4000...","level":"info"}
{"message":"connected to mongodb://localhost/vidly_test","level":"info"}
{"message":"listening port 4000...","level":"info"}
{"message":"connected to mongodb://localhost/vidly_test","level":"info"}
{"message":"listening port 4000...","level":"info"}
{"message":"connected to mongodb://localhost/vidly_test","level":"info"}
{"message":"listening port 4000...","level":"info"}
{"message":"connected to mongodb://localhost/vidly_test","level":"info"}
{"message":"listening port 4000...","level":"info"}
{"message":"connected to mongodb://localhost/vidly_test","level":"info"}
{"message":"listening port 4000...","level":"info"}
{"message":"connected to mongodb://localhost/vidly_test","level":"info"}
{"message":"listening port 4000...","level":"info"}
{"message":"connected to mongodb://localhost/vidly_test","level":"info"}
{"message":"listening port 4000...","level":"info"}
{"message":"connected to mongodb://localhost/vidly_test","level":"info"}
{"message":"listening port 4000...","level":"info"}
{"message":"connected to mongodb://localhost/vidly_test","level":"info"}
{"message":"listening port 4000...","level":"info"}
{"message":"connected to mongodb://localhost/vidly_test","level":"info"}
{"message":"listening port 4000...","level":"info"}
{"message":"connected to mongodb://localhost/vidly_test","level":"info"}
{"message":"listening port 4000...","level":"info"}
{"message":"connected to mongodb://localhost/vidly_test","level":"info"}
{"message":"listening port 4000...","level":"info"}
{"message":"connected to mongodb://localhost/vidly_test","level":"info"}
{"message":"listening port 4000...","level":"info"}
{"message":"connected to mongodb://localhost/vidly_test","level":"info"}
{"message":"listening port 4000...","level":"info"}
{"message":"connected to mongodb://localhost/vidly_test","level":"info"}
{"message":"listening port 4000...","level":"info"}
{"message":"connected to mongodb://localhost/vidly_test","level":"info"}
{"message":"listening port 4000...","level":"info"}
{"message":"connected to mongodb://localhost/vidly_test","level":"info"}
{"message":"listening port 4000...","level":"info"}
{"message":"connected to mongodb://localhost/vidly_test","level":"info"}
{"message":"listening port 4000...","level":"info"}
{"message":"connected to mongodb://localhost/vidly_test","level":"info"}
{"message":"listening port 4000...","level":"info"}
{"message":"connected to mongodb://localhost/vidly_test","level":"info"}
{"message":"listening port 4000...","level":"info"}
{"message":"connected to mongodb://localhost/vidly_test","level":"info"}
{"message":"listening port 4000...","level":"info"}
{"message":"connected to mongodb://localhost/vidly_test","level":"info"}
{"message":"listening port 4000...","level":"info"}
{"message":"connected to mongodb://localhost/vidly_test","level":"info"}
{"message":"listening port 4000...","level":"info"}
{"message":"connected to mongodb://localhost/vidly_test","level":"info"}
{"message":"listening port 4000...","level":"info"}
{"message":"connected to mongodb://localhost/vidly_test","level":"info"}
{"message":"listening port 4000...","level":"info"}
{"message":"connected to mongodb://localhost/vidly_test","level":"info"}
{"message":"listening port 4000...","level":"info"}
{"message":"connected to mongodb://localhost/vidly_test","level":"info"}
{"message":"listening port 4000...","level":"info"}
{"message":"connected to mongodb://localhost/vidly_test","level":"info"}
{"message":"listening port 4000...","level":"info"}
{"message":"connected to mongodb://localhost/vidly_test","level":"info"}
{"message":"listening port 4000...","level":"info"}
{"message":"connected to mongodb://localhost/vidly_test","level":"info"}
{"message":"listening port 4000...","level":"info"}
{"message":"connected to mongodb://localhost/vidly_test","level":"info"}
{"message":"listening port 4000...","level":"info"}
{"message":"connected to mongodb://localhost/vidly_test","level":"info"}
{"message":"listening port 4000...","level":"info"}
{"message":"connected to mongodb://localhost/vidly_test","level":"info"}
{"message":"listening port 4000...","level":"info"}
{"message":"connected to mongodb://localhost/vidly_test","level":"info"}
{"message":"listening port 4000...","level":"info"}
{"message":"connected to mongodb://localhost/vidly_test","level":"info"}
{"message":"listening port 4000...","level":"info"}
{"message":"connected to mongodb://localhost/vidly_test","level":"info"}
{"message":"listening port 4000...","level":"info"}
{"message":"connected to mongodb://localhost/vidly_test","level":"info"}
{"message":"listening port 4000...","level":"info"}
{"message":"connected to mongodb://localhost/vidly_test","level":"info"}
{"message":"listening port 4000...","level":"info"}
{"message":"connected to mongodb://localhost/vidly_test","level":"info"}
{"message":"listening port 4000...","level":"info"}
{"message":"connected to mongodb://localhost/vidly_test","level":"info"}
{"message":"listening port 4000...","level":"info"}
{"message":"connected to mongodb://localhost/vidly_test","level":"info"}
{"message":"listening port 4000...","level":"info"}
{"message":"connected to mongodb://localhost/vidly_test","level":"info"}
{"message":"listening port 4000...","level":"info"}
{"message":"connected to mongodb://localhost/vidly_test","level":"info"}
{"message":"listening port 4000...","level":"info"}
{"message":"connected to mongodb://localhost/vidly_test","level":"info"}
{"message":"listening port 4000...","level":"info"}
{"message":"connected to mongodb://localhost/vidly_test","level":"info"}
{"message":"listening port 4000...","level":"info"}
{"message":"connected to mongodb://localhost/vidly_test","level":"info"}
{"message":"listening port 4000...","level":"info"}
{"message":"connected to mongodb://localhost/vidly_test","level":"info"}
{"message":"listening port 4000...","level":"info"}
{"message":"connected to mongodb://localhost/vidly_test","level":"info"}
{"message":"listening port 4000...","level":"info"}
{"message":"connected to mongodb://localhost/vidly_test","level":"info"}
{"message":"listening port 4000...","level":"info"}
{"message":"connected to mongodb://localhost/vidly_test","level":"info"}
{"message":"connected to mongodb://localhost/vidly_test","level":"info"}
{"message":"listening port 4000...","level":"info"}
{"message":"listening port 4000...","level":"info"}
{"message":"connected to mongodb://localhost/vidly_test","level":"info"}
{"message":"listening port 4000...","level":"info"}
{"message":"connected to mongodb://localhost/vidly_test","level":"info"}
{"message":"listening port 4000...","level":"info"}
{"message":"connected to mongodb://localhost/vidly_test","level":"info"}
{"message":"listening port 4000...","level":"info"}
{"message":"connected to mongodb://localhost/vidly_test","level":"info"}
{"message":"listening port 4000...","level":"info"}
{"message":"connected to mongodb://localhost/vidly_test","level":"info"}
{"message":"listening port 4000...","level":"info"}
{"message":"connected to mongodb://localhost/vidly_test","level":"info"}
{"message":"listening port 4000...","level":"info"}
{"message":"connected to mongodb://localhost/vidly_test","level":"info"}
{"message":"connected to mongodb://localhost/vidly_test","level":"info"}
{"message":"listening port 4000...","level":"info"}
{"message":"listening port 4000...","level":"info"}
{"message":"connected to mongodb://localhost/vidly_test","level":"info"}
{"message":"connected to mongodb://localhost/vidly_test","level":"info"}
{"message":"listening port 4000...","level":"info"}
{"message":"listening port 4000...","level":"info"}
{"message":"connected to mongodb://localhost/vidly_test","level":"info"}
{"message":"listening port 4000...","level":"info"}
{"message":"connected to mongodb://localhost/vidly_test","level":"info"}
{"message":"listening port 4000...","level":"info"}
{"message":"connected to mongodb://localhost/vidly_test","level":"info"}
{"message":"listening port 4000...","level":"info"}
{"message":"connected to mongodb://localhost/vidly_test","level":"info"}
{"message":"listening port 4000...","level":"info"}
{"message":"connected to mongodb://localhost/vidly_test","level":"info"}
{"message":"listening port 4000...","level":"info"}
{"message":"connected to mongodb://localhost/vidly_test","level":"info"}
{"message":"listening port 4000...","level":"info"}
{"message":"connected to mongodb://localhost/vidly_test","level":"info"}
{"message":"listening port 4000...","level":"info"}
{"message":"connected to mongodb://localhost/vidly_test","level":"info"}
{"message":"listening port 4000...","level":"info"}
{"message":"connected to mongodb://localhost/vidly_test","level":"info"}
{"message":"listening port 4000...","level":"info"}
{"message":"connected to mongodb://localhost/vidly_test","level":"info"}
{"message":"listening port 4000...","level":"info"}
{"message":"connected to mongodb://localhost/vidly_test","level":"info"}
{"message":"listening port 4000...","level":"info"}
{"message":"connected to mongodb://localhost/vidly_test","level":"info"}
{"message":"listening port 4000...","level":"info"}
{"message":"connected to mongodb://localhost/vidly_test","level":"info"}
{"message":"listening port 4000...","level":"info"}
{"message":"connected to mongodb://localhost/vidly_test","level":"info"}
{"message":"listening port 4000...","level":"info"}
{"message":"connected to mongodb://localhost/vidly_test","level":"info"}
{"message":"listening port 4000...","level":"info"}
{"message":"connected to mongodb://localhost/vidly_test","level":"info"}
{"message":"listening port 4000...","level":"info"}
{"message":"connected to mongodb://localhost/vidly_test","level":"info"}
{"message":"listening port 4000...","level":"info"}
{"message":"connected to mongodb://localhost/vidly_test","level":"info"}
{"message":"listening port 4000...","level":"info"}
{"message":"connected to mongodb://localhost/vidly_test","level":"info"}
{"message":"listening port 4000...","level":"info"}
{"message":"connected to mongodb://localhost/vidly_test","level":"info"}
{"message":"listening port 4000...","level":"info"}
{"message":"connected to mongodb://localhost/vidly_test","level":"info"}
{"message":"listening port 4000...","level":"info"}
{"message":"connected to mongodb://localhost/vidly_test","level":"info"}
{"message":"listening port 4000...","level":"info"}
{"message":"connected to mongodb://localhost/vidly_test","level":"info"}
{"message":"listening port 4000...","level":"info"}
{"message":"connected to mongodb://localhost/vidly_test","level":"info"}
{"message":"listening port 4000...","level":"info"}
{"message":"connected to mongodb://localhost/vidly_test","level":"info"}
{"message":"listening port 4000...","level":"info"}
{"message":"connected to mongodb://localhost/vidly_test","level":"info"}
{"message":"listening port 4000...","level":"info"}
{"message":"connected to mongodb://localhost/vidly_test","level":"info"}
{"message":"listening port 4000...","level":"info"}
{"message":"connected to mongodb://localhost/vidly_test","level":"info"}
{"message":"listening port 4000...","level":"info"}
{"message":"connected to mongodb://localhost/vidly_test","level":"info"}
{"message":"listening port 4000...","level":"info"}
{"message":"connected to mongodb://localhost/vidly_test","level":"info"}
{"message":"listening port 4000...","level":"info"}
{"message":"connected to mongodb://localhost/vidly_test","level":"info"}
{"message":"listening port 4000...","level":"info"}
{"message":"connected to mongodb://localhost/vidly_test","level":"info"}
{"message":"listening port 4000...","level":"info"}
{"message":"connected to mongodb://localhost/vidly_test","level":"info"}
{"message":"connected to mongodb://localhost/vidly","level":"info"}
{"message":"listening port 4000...","level":"info"}
{"message":"connected to mongodb://localhost/vidly","level":"info"}
{"message":"listening port 4000...","level":"info"}
{"message":"connected to mongodb://localhost/vidly_test","level":"info"}
{"message":"listening port 4000...","level":"info"}
{"message":"connected to mongodb://localhost/vidly_test","level":"info"}
{"message":"listening port 4000...","level":"info"}
{"message":"connected to mongodb://localhost/vidly_test","level":"info"}
{"message":"listening port 4000...","level":"info"}
{"message":"connected to mongodb://localhost/vidly_test","level":"info"}
{"message":"listening port 4000...","level":"info"}
{"message":"connected to mongodb://localhost/vidly_test","level":"info"}
{"message":"listening port 4000...","level":"info"}
{"message":"connected to mongodb://localhost/vidly_test","level":"info"}
{"message":"listening port 4000...","level":"info"}
{"message":"connected to mongodb://localhost/vidly_test","level":"info"}
{"message":"listening port 4000...","level":"info"}
{"message":"connected to mongodb://localhost/vidly_test","level":"info"}
{"message":"listening port 4000...","level":"info"}
{"message":"connected to mongodb://localhost/vidly_test","level":"info"}
{"message":"listening port 4000...","level":"info"}
{"message":"connected to mongodb://localhost/vidly_test","level":"info"}
{"message":"listening port 4000...","level":"info"}
{"message":"connected to mongodb://localhost/vidly_test","level":"info"}
{"message":"listening port 4000...","level":"info"}
{"message":"connected to mongodb://localhost/vidly_test","level":"info"}
{"message":"listening port 4000...","level":"info"}
{"message":"connected to mongodb://localhost/vidly_test","level":"info"}
{"message":"listening port 4000...","level":"info"}
{"message":"connected to mongodb://localhost/vidly_test","level":"info"}
{"message":"listening port 4000...","level":"info"}
{"message":"connected to mongodb://localhost/vidly_test","level":"info"}
{"message":"listening port 4000...","level":"info"}
{"message":"connected to mongodb://localhost/vidly_test","level":"info"}
{"message":"listening port 4000...","level":"info"}
{"message":"connected to mongodb://localhost/vidly_test","level":"info"}
{"message":"connected to mongodb://localhost/vidly_test","level":"info"}
{"message":"listening port 4000...","level":"info"}
{"message":"connected to mongodb://localhost/vidly_test","level":"info"}
{"message":"listening port 4000...","level":"info"}
{"message":"listening port 4000...","level":"info"}
{"message":"connected to mongodb://localhost/vidly_test","level":"info"}
{"message":"connected to mongodb://localhost/vidly_test","level":"info"}
{"message":"connected to mongodb://localhost/vidly_test","level":"info"}
{"message":"listening port 4000...","level":"info"}
{"message":"listening port 4000...","level":"info"}
{"message":"connected to mongodb://localhost/vidly_test","level":"info"}
{"message":"connected to mongodb://localhost/vidly_test","level":"info"}
{"message":"connected to mongodb://localhost/vidly_test","level":"info"}
{"message":"listening port 4000...","level":"info"}
{"message":"listening port 4000...","level":"info"}
{"message":"connected to mongodb://localhost/vidly_test","level":"info"}
{"message":"connected to mongodb://localhost/vidly_test","level":"info"}
{"message":"listening port 4000...","level":"info"}
{"message":"connected to mongodb://localhost/vidly_test","level":"info"}
{"message":"listening port 4000...","level":"info"}
{"message":"connected to mongodb://localhost/vidly_test","level":"info"}
{"message":"listening port 4000...","level":"info"}
{"message":"connected to mongodb://localhost/vidly_test","level":"info"}
{"message":"listening port 4000...","level":"info"}
{"message":"connected to mongodb://localhost/vidly_test","level":"info"}
{"message":"listening port 4000...","level":"info"}
{"message":"connected to mongodb://localhost/vidly_test","level":"info"}
{"message":"listening port 4000...","level":"info"}
{"message":"connected to mongodb://localhost/vidly_test","level":"info"}
{"message":"listening port 4000...","level":"info"}
{"message":"connected to mongodb://localhost/vidly_test","level":"info"}
{"message":"listening port 4000...","level":"info"}
{"message":"connected to mongodb://localhost/vidly_test","level":"info"}
{"message":"listening port 4000...","level":"info"}
{"message":"connected to mongodb://localhost/vidly_test","level":"info"}
{"message":"listening port 4000...","level":"info"}
{"message":"connected to mongodb://localhost/vidly_test","level":"info"}
{"message":"listening port 4000...","level":"info"}
{"message":"connected to mongodb://localhost/vidly_test","level":"info"}
{"message":"listening port 4000...","level":"info"}
{"message":"connected to mongodb://localhost/vidly_test","level":"info"}
{"message":"listening port 4000...","level":"info"}
{"message":"connected to mongodb://localhost/vidly_test","level":"info"}
{"message":"listening port 4000...","level":"info"}
{"message":"connected to mongodb://localhost/vidly_test","level":"info"}
{"message":"listening port 4000...","level":"info"}
{"message":"connected to mongodb://localhost/vidly_test","level":"info"}
{"message":"listening port 4000...","level":"info"}
{"message":"connected to mongodb://localhost/vidly_test","level":"info"}
{"message":"listening port 4000...","level":"info"}
{"message":"connected to mongodb://localhost/vidly_test","level":"info"}
{"message":"listening port 4000...","level":"info"}
{"message":"connected to mongodb://localhost/vidly_test","level":"info"}
{"message":"listening port 4000...","level":"info"}
{"message":"connected to mongodb://localhost/vidly_test","level":"info"}
{"message":"listening port 4000...","level":"info"}
{"message":"connected to mongodb://localhost/vidly_test","level":"info"}
{"message":"listening port 4000...","level":"info"}
{"message":"connected to mongodb://localhost/vidly_test","level":"info"}
{"message":"listening port 4000...","level":"info"}
{"message":"connected to mongodb://localhost/vidly_test","level":"info"}
{"message":"listening port 4000...","level":"info"}
{"message":"connected to mongodb://localhost/vidly_test","level":"info"}
{"message":"listening port 4000...","level":"info"}
{"message":"connected to mongodb://localhost/vidly_test","level":"info"}
{"message":"listening port 4000...","level":"info"}
{"message":"connected to mongodb://localhost/vidly_test","level":"info"}
{"message":"listening port 4000...","level":"info"}
{"message":"connected to mongodb://localhost/vidly_test","level":"info"}
{"message":"listening port 4000...","level":"info"}
{"message":"connected to mongodb://localhost/vidly_test","level":"info"}
{"message":"listening port 4000...","level":"info"}
{"message":"connected to mongodb://localhost/vidly_test","level":"info"}
{"message":"listening port 4000...","level":"info"}
{"message":"connected to mongodb://localhost/vidly_test","level":"info"}
{"message":"listening port 4000...","level":"info"}
{"message":"connected to mongodb://localhost/vidly_test","level":"info"}
{"message":"listening port 4000...","level":"info"}
{"message":"connected to mongodb://localhost/vidly_test","level":"info"}
{"message":"listening port 4000...","level":"info"}
{"message":"connected to mongodb://localhost/vidly_test","level":"info"}
{"message":"listening port 4000...","level":"info"}
{"message":"connected to mongodb://localhost/vidly_test","level":"info"}
{"message":"listening port 4000...","level":"info"}
{"message":"connected to mongodb://localhost/vidly_test","level":"info"}
{"message":"listening port 4000...","level":"info"}
{"message":"connected to mongodb://localhost/vidly_test","level":"info"}
{"message":"listening port 4000...","level":"info"}
{"message":"connected to mongodb://localhost/vidly_test","level":"info"}
{"message":"listening port 4000...","level":"info"}
{"message":"connected to mongodb://localhost/vidly_test","level":"info"}
{"message":"listening port 4000...","level":"info"}
{"message":"connected to mongodb://localhost/vidly_test","level":"info"}
{"message":"listening port 4000...","level":"info"}
{"message":"connected to mongodb://localhost/vidly_test","level":"info"}
{"message":"listening port 4000...","level":"info"}
{"message":"connected to mongodb://localhost/vidly_test","level":"info"}
{"message":"listening port 4000...","level":"info"}
{"message":"connected to mongodb://localhost/vidly_test","level":"info"}
{"message":"listening port 4000...","level":"info"}
{"message":"connected to mongodb://localhost/vidly_test","level":"info"}
{"message":"listening port 4000...","level":"info"}
{"message":"connected to mongodb://localhost/vidly_test","level":"info"}
{"message":"listening port 4000...","level":"info"}
{"message":"connected to mongodb://localhost/vidly_test","level":"info"}
{"message":"listening port 4000...","level":"info"}
{"message":"connected to mongodb://localhost/vidly_test","level":"info"}
{"message":"listening port 4000...","level":"info"}
{"message":"connected to mongodb://localhost/vidly_test","level":"info"}
{"message":"listening port 4000...","level":"info"}
{"message":"connected to mongodb://localhost/vidly_test","level":"info"}
{"message":"listening port 4000...","level":"info"}
{"message":"connected to mongodb://localhost/vidly_test","level":"info"}
{"message":"listening port 4000...","level":"info"}
{"message":"connected to mongodb://localhost/vidly_test","level":"info"}
{"message":"listening port 4000...","level":"info"}
{"message":"connected to mongodb://localhost/vidly_test","level":"info"}
{"message":"listening port 4000...","level":"info"}
{"message":"connected to mongodb://localhost/vidly_test","level":"info"}
{"message":"listening port 4000...","level":"info"}
{"message":"connected to mongodb://localhost/vidly_test","level":"info"}
{"message":"listening port 4000...","level":"info"}
{"message":"connected to mongodb://localhost/vidly_test","level":"info"}
{"message":"listening port 4000...","level":"info"}
{"message":"connected to mongodb://localhost/vidly_test","level":"info"}
{"message":"listening port 4000...","level":"info"}
{"message":"connected to mongodb://localhost/vidly_test","level":"info"}
{"message":"listening port 4000...","level":"info"}
{"message":"connected to mongodb://localhost/vidly_test","level":"info"}
{"message":"listening port 4000...","level":"info"}
{"message":"connected to mongodb://localhost/vidly_test","level":"info"}
{"message":"listening port 4000...","level":"info"}
{"message":"connected to mongodb://localhost/vidly_test","level":"info"}
{"message":"listening port 4000...","level":"info"}
{"message":"connected to mongodb://localhost/vidly_test","level":"info"}
{"message":"listening port 4000...","level":"info"}
{"message":"connected to mongodb://localhost/vidly_test","level":"info"}
{"message":"listening port 4000...","level":"info"}
{"message":"connected to mongodb://localhost/vidly_test","level":"info"}
{"message":"listening port 4000...","level":"info"}
{"message":"connected to mongodb://localhost/vidly_test","level":"info"}
{"message":"listening port 4000...","level":"info"}
{"message":"connected to mongodb://localhost/vidly_test","level":"info"}
{"message":"listening port 4000...","level":"info"}
{"message":"connected to mongodb://localhost/vidly_test","level":"info"}
{"message":"listening port 4000...","level":"info"}
{"message":"connected to mongodb://localhost/vidly_test","level":"info"}
{"message":"listening port 4000...","level":"info"}
{"message":"connected to mongodb://localhost/vidly_test","level":"info"}
{"message":"listening port 4000...","level":"info"}
{"message":"connected to mongodb://localhost/vidly_test","level":"info"}
{"message":"listening port 4000...","level":"info"}
{"message":"connected to mongodb://localhost/vidly_test","level":"info"}
{"message":"listening port 4000...","level":"info"}
{"message":"connected to mongodb://localhost/vidly_test","level":"info"}
{"message":"listening port 4000...","level":"info"}
{"message":"connected to mongodb://localhost/vidly_test","level":"info"}
{"message":"listening port 4000...","level":"info"}
{"message":"connected to mongodb://localhost/vidly_test","level":"info"}
{"message":"listening port 4000...","level":"info"}
{"message":"connected to mongodb://localhost/vidly_test","level":"info"}
{"message":"listening port 4000...","level":"info"}
{"message":"connected to mongodb://localhost/vidly_test","level":"info"}
{"message":"listening port 4000...","level":"info"}
{"message":"connected to mongodb://localhost/vidly_test","level":"info"}
{"message":"listening port 4000...","level":"info"}
{"message":"connected to mongodb://localhost/vidly_test","level":"info"}
{"message":"listening port 4000...","level":"info"}
{"message":"connected to mongodb://localhost/vidly_test","level":"info"}
{"message":"listening port 4000...","level":"info"}
{"message":"connected to mongodb://localhost/vidly_test","level":"info"}
{"message":"listening port 4000...","level":"info"}
{"message":"connected to mongodb://localhost/vidly_test","level":"info"}
{"message":"listening port 4000...","level":"info"}
{"message":"connected to mongodb://localhost/vidly_test","level":"info"}
{"message":"listening port 4000...","level":"info"}
{"message":"connected to mongodb://localhost/vidly_test","level":"info"}
{"message":"listening port 4000...","level":"info"}
{"message":"connected to mongodb://localhost/vidly_test","level":"info"}
{"message":"listening port 4000...","level":"info"}
{"message":"connected to mongodb://localhost/vidly_test","level":"info"}
{"message":"listening port 4000...","level":"info"}
{"message":"connected to mongodb://localhost/vidly_test","level":"info"}
{"message":"listening port 4000...","level":"info"}
{"message":"connected to mongodb://localhost/vidly_test","level":"info"}
{"message":"listening port 4000...","level":"info"}
{"message":"connected to mongodb://localhost/vidly_test","level":"info"}
{"message":"listening port 4000...","level":"info"}
{"message":"connected to mongodb://localhost/vidly_test","level":"info"}
{"message":"listening port 4000...","level":"info"}
{"message":"connected to mongodb://localhost/vidly_test","level":"info"}
{"message":"listening port 4000...","level":"info"}
{"message":"connected to mongodb://localhost/vidly_test","level":"info"}
{"message":"listening port 4000...","level":"info"}
{"message":"connected to mongodb://localhost/vidly_test","level":"info"}
{"message":"listening port 4000...","level":"info"}
{"message":"connected to mongodb://localhost/vidly_test","level":"info"}
{"message":"listening port 4000...","level":"info"}
{"message":"connected to mongodb://localhost/vidly_test","level":"info"}
{"message":"listening port 4000...","level":"info"}
{"message":"connected to mongodb://localhost/vidly_test","level":"info"}
{"message":"listening port 4000...","level":"info"}
{"message":"connected to mongodb://localhost/vidly_test","level":"info"}
{"message":"listening port 4000...","level":"info"}
{"message":"connected to mongodb://localhost/vidly_test","level":"info"}
{"message":"listening port 4000...","level":"info"}
{"message":"connected to mongodb://localhost/vidly_test","level":"info"}
{"message":"listening port 4000...","level":"info"}
{"message":"connected to mongodb://localhost/vidly_test","level":"info"}
{"message":"listening port 4000...","level":"info"}
{"message":"connected to mongodb://localhost/vidly_test","level":"info"}
{"message":"listening port 4000...","level":"info"}
{"message":"connected to mongodb://localhost/vidly_test","level":"info"}
{"message":"listening port 4000...","level":"info"}
{"message":"connected to mongodb://localhost/vidly_test","level":"info"}
{"message":"listening port 4000...","level":"info"}
{"message":"connected to mongodb://localhost/vidly_test","level":"info"}
{"message":"listening port 4000...","level":"info"}
{"message":"connected to mongodb://localhost/vidly_test","level":"info"}
{"message":"listening port 4000...","level":"info"}
{"message":"connected to mongodb://localhost/vidly_test","level":"info"}
{"message":"listening port 4000...","level":"info"}
{"message":"connected to mongodb://localhost/vidly_test","level":"info"}
{"message":"listening port 4000...","level":"info"}
{"message":"connected to mongodb://localhost/vidly_test","level":"info"}
{"message":"listening port 4000...","level":"info"}
{"message":"connected to mongodb://localhost/vidly_test","level":"info"}
{"message":"listening port 4000...","level":"info"}
{"message":"connected to mongodb://localhost/vidly_test","level":"info"}
{"message":"listening port 4000...","level":"info"}
{"message":"connected to mongodb://localhost/vidly_test","level":"info"}
{"message":"listening port 4000...","level":"info"}
{"message":"connected to mongodb://localhost/vidly_test","level":"info"}
{"message":"listening port 4000...","level":"info"}
{"message":"connected to mongodb://localhost/vidly_test","level":"info"}
{"message":"listening port 4000...","level":"info"}
{"message":"connected to mongodb://localhost/vidly_test","level":"info"}
{"message":"listening port 4000...","level":"info"}
{"message":"connected to mongodb://localhost/vidly_test","level":"info"}
{"message":"listening port 4000...","level":"info"}
{"message":"connected to mongodb://localhost/vidly_test","level":"info"}
{"message":"listening port 4000...","level":"info"}
{"message":"connected to mongodb://localhost/vidly_test","level":"info"}
{"message":"listening port 4000...","level":"info"}
{"message":"connected to mongodb://localhost/vidly_test","level":"info"}
{"message":"listening port 4000...","level":"info"}
{"message":"connected to mongodb://localhost/vidly_test","level":"info"}
{"message":"listening port 4000...","level":"info"}
{"message":"connected to mongodb://localhost/vidly_test","level":"info"}
{"message":"listening port 4000...","level":"info"}
{"message":"connected to mongodb://localhost/vidly_test","level":"info"}
{"message":"listening port 4000...","level":"info"}
{"message":"connected to mongodb://localhost/vidly_test","level":"info"}
{"message":"listening port 4000...","level":"info"}
{"message":"connected to mongodb://localhost/vidly_test","level":"info"}
{"message":"listening port 4000...","level":"info"}
{"message":"connected to mongodb://localhost/vidly_test","level":"info"}
{"message":"listening port 4000...","level":"info"}
{"message":"connected to mongodb://localhost/vidly_test","level":"info"}
{"message":"listening port 4000...","level":"info"}
{"message":"connected to mongodb://localhost/vidly_test","level":"info"}
{"message":"listening port 4000...","level":"info"}
{"message":"connected to mongodb://localhost/vidly_test","level":"info"}
{"message":"listening port 4000...","level":"info"}
{"message":"connected to mongodb://localhost/vidly_test","level":"info"}
{"message":"listening port 4000...","level":"info"}
{"message":"connected to mongodb://localhost/vidly_test","level":"info"}
{"message":"listening port 4000...","level":"info"}
{"message":"connected to mongodb://localhost/vidly_test","level":"info"}
{"message":"listening port 4000...","level":"info"}
{"message":"connected to mongodb://localhost/vidly_test","level":"info"}
{"message":"listening port 4000...","level":"info"}
{"message":"connected to mongodb://localhost/vidly_test","level":"info"}
{"message":"listening port 4000...","level":"info"}
{"message":"connected to mongodb://localhost/vidly_test","level":"info"}
{"message":"listening port 4000...","level":"info"}
{"message":"connected to mongodb://localhost/vidly_test","level":"info"}
{"message":"listening port 4000...","level":"info"}
{"message":"connected to mongodb://localhost/vidly_test","level":"info"}
{"message":"listening port 4000...","level":"info"}
{"message":"connected to mongodb://localhost/vidly_test","level":"info"}
{"message":"listening port 4000...","level":"info"}
{"message":"connected to mongodb://localhost/vidly_test","level":"info"}
{"message":"listening port 4000...","level":"info"}
{"message":"connected to mongodb://localhost/vidly_test","level":"info"}
{"message":"listening port 4000...","level":"info"}
{"message":"connected to mongodb://localhost/vidly_test","level":"info"}
{"message":"listening port 4000...","level":"info"}
{"message":"connected to mongodb://localhost/vidly_test","level":"info"}
{"message":"listening port 4000...","level":"info"}
{"message":"connected to mongodb://localhost/vidly_test","level":"info"}
{"message":"listening port 4000...","level":"info"}
{"message":"connected to mongodb://localhost/vidly_test","level":"info"}
{"message":"listening port 4000...","level":"info"}
{"message":"connected to mongodb://localhost/vidly_test","level":"info"}
{"message":"listening port 4000...","level":"info"}
{"message":"connected to mongodb://localhost/vidly_test","level":"info"}
{"message":"listening port 4000...","level":"info"}
{"message":"connected to mongodb://localhost/vidly_test","level":"info"}
{"message":"listening port 4000...","level":"info"}
{"message":"connected to mongodb://localhost/vidly_test","level":"info"}
{"message":"listening port 4000...","level":"info"}
{"message":"connected to mongodb://localhost/vidly_test","level":"info"}
{"message":"listening port 4000...","level":"info"}
{"message":"connected to mongodb://localhost/vidly_test","level":"info"}
{"message":"listening port 4000...","level":"info"}
{"message":"connected to mongodb://localhost/vidly_test","level":"info"}
{"message":"listening port 4000...","level":"info"}
{"message":"connected to mongodb://localhost/vidly_test","level":"info"}
{"message":"listening port 4000...","level":"info"}
{"message":"connected to mongodb://localhost/vidly_test","level":"info"}
{"message":"listening port 4000...","level":"info"}
{"message":"connected to mongodb://localhost/vidly_test","level":"info"}
{"message":"listening port 4000...","level":"info"}
{"message":"connected to mongodb://localhost/vidly_test","level":"info"}
{"message":"listening port 4000...","level":"info"}
{"message":"connected to mongodb://localhost/vidly_test","level":"info"}
{"message":"listening port 4000...","level":"info"}
{"message":"connected to mongodb://localhost/vidly_test","level":"info"}
{"message":"listening port 4000...","level":"info"}
{"message":"connected to mongodb://localhost/vidly_test","level":"info"}
{"message":"listening port 4000...","level":"info"}
{"message":"connected to mongodb://localhost/vidly_test","level":"info"}
{"message":"listening port 4000...","level":"info"}
{"message":"connected to mongodb://localhost/vidly_test","level":"info"}
{"message":"listening port 4000...","level":"info"}
{"message":"connected to mongodb://localhost/vidly_test","level":"info"}
{"message":"listening port 4000...","level":"info"}
{"message":"connected to mongodb://localhost/vidly_test","level":"info"}
{"message":"listening port 4000...","level":"info"}
{"message":"connected to mongodb://localhost/vidly_test","level":"info"}
{"message":"listening port 4000...","level":"info"}
{"message":"connected to mongodb://localhost/vidly_test","level":"info"}
{"message":"listening port 4000...","level":"info"}
{"message":"connected to mongodb://localhost/vidly_test","level":"info"}
{"message":"listening port 4000...","level":"info"}
{"message":"connected to mongodb://localhost/vidly_test","level":"info"}
{"message":"listening port 4000...","level":"info"}
{"message":"connected to mongodb://localhost/vidly_test","level":"info"}
{"message":"listening port 4000...","level":"info"}
{"message":"connected to mongodb://localhost/vidly_test","level":"info"}
{"message":"listening port 4000...","level":"info"}
{"message":"connected to mongodb://localhost/vidly_test","level":"info"}
{"message":"listening port 4000...","level":"info"}
{"message":"connected to mongodb://localhost/vidly_test","level":"info"}
{"message":"listening port 4000...","level":"info"}
{"message":"connected to mongodb://localhost/vidly_test","level":"info"}
{"message":"listening port 4000...","level":"info"}
{"message":"connected to mongodb://localhost/vidly_test","level":"info"}
{"message":"listening port 4000...","level":"info"}
{"message":"connected to mongodb://localhost/vidly_test","level":"info"}
{"message":"listening port 4000...","level":"info"}
{"message":"connected to mongodb://localhost/vidly_test","level":"info"}
{"message":"listening port 4000...","level":"info"}
{"message":"connected to mongodb://localhost/vidly_test","level":"info"}
{"message":"listening port 4000...","level":"info"}
{"message":"connected to mongodb://localhost/vidly_test","level":"info"}
{"message":"listening port 4000...","level":"info"}
{"message":"connected to mongodb://localhost/vidly_test","level":"info"}
{"message":"listening port 4000...","level":"info"}
{"message":"connected to mongodb://localhost/vidly_test","level":"info"}
{"message":"listening port 4000...","level":"info"}
{"message":"connected to mongodb://localhost/vidly_test","level":"info"}
{"message":"listening port 4000...","level":"info"}
{"message":"connected to mongodb://localhost/vidly_test","level":"info"}
{"message":"listening port 4000...","level":"info"}
{"message":"connected to mongodb://localhost/vidly_test","level":"info"}
{"message":"listening port 4000...","level":"info"}
{"message":"connected to mongodb://localhost/vidly_test","level":"info"}
{"message":"listening port 4000...","level":"info"}
{"message":"connected to mongodb://localhost/vidly_test","level":"info"}
{"message":"listening port 4000...","level":"info"}
{"message":"connected to mongodb://localhost/vidly_test","level":"info"}
{"message":"listening port 4000...","level":"info"}
{"message":"connected to mongodb://localhost/vidly_test","level":"info"}
{"message":"listening port 4000...","level":"info"}
{"message":"connected to mongodb://localhost/vidly_test","level":"info"}
{"message":"listening port 4000...","level":"info"}
{"message":"connected to mongodb://localhost/vidly_test","level":"info"}
{"message":"listening port 4000...","level":"info"}
{"message":"connected to mongodb://localhost/vidly_test","level":"info"}
{"message":"listening port 4000...","level":"info"}
{"message":"connected to mongodb://localhost/vidly_test","level":"info"}
{"message":"listening port 4000...","level":"info"}
{"message":"connected to mongodb://localhost/vidly_test","level":"info"}
{"message":"listening port 4000...","level":"info"}
{"message":"connected to mongodb://localhost/vidly_test","level":"info"}
{"message":"listening port 4000...","level":"info"}
{"message":"connected to mongodb://localhost/vidly_test","level":"info"}
{"level":"error","message":"rental.return is not a function rental.return is not a function","stack":"TypeError: rental.return is not a function\n    at F:\\node js\\vidly\\routes\\returns.js:21:5\n    at processTicksAndRejections (internal/process/task_queues.js:93:5)"}
{"level":"error","message":"rental.return is not a function rental.return is not a function","stack":"TypeError: rental.return is not a function\n    at F:\\node js\\vidly\\routes\\returns.js:21:5\n    at processTicksAndRejections (internal/process/task_queues.js:93:5)"}
{"level":"error","message":"rental.return is not a function rental.return is not a function","stack":"TypeError: rental.return is not a function\n    at F:\\node js\\vidly\\routes\\returns.js:21:5\n    at processTicksAndRejections (internal/process/task_queues.js:93:5)"}
{"level":"error","message":"rental.return is not a function rental.return is not a function","stack":"TypeError: rental.return is not a function\n    at F:\\node js\\vidly\\routes\\returns.js:21:5\n    at processTicksAndRejections (internal/process/task_queues.js:93:5)"}
{"level":"error","message":"rental.return is not a function rental.return is not a function","stack":"TypeError: rental.return is not a function\n    at F:\\node js\\vidly\\routes\\returns.js:21:5\n    at processTicksAndRejections (internal/process/task_queues.js:93:5)"}
{"message":"listening port 4000...","level":"info"}
{"message":"connected to mongodb://localhost/vidly_test","level":"info"}
{"message":"listening port 4000...","level":"info"}
{"message":"connected to mongodb://localhost/vidly_test","level":"info"}
{"message":"listening port 4000...","level":"info"}
{"message":"connected to mongodb://localhost/vidly_test","level":"info"}
{"level":"error","message":"rental.return is not a function rental.return is not a function","stack":"TypeError: rental.return is not a function\n    at F:\\node js\\vidly\\routes\\returns.js:21:5\n    at processTicksAndRejections (internal/process/task_queues.js:93:5)"}
{"level":"error","message":"rental.return is not a function rental.return is not a function","stack":"TypeError: rental.return is not a function\n    at F:\\node js\\vidly\\routes\\returns.js:21:5\n    at processTicksAndRejections (internal/process/task_queues.js:93:5)"}
{"level":"error","message":"rental.return is not a function rental.return is not a function","stack":"TypeError: rental.return is not a function\n    at F:\\node js\\vidly\\routes\\returns.js:21:5\n    at processTicksAndRejections (internal/process/task_queues.js:93:5)"}
{"level":"error","message":"rental.return is not a function rental.return is not a function","stack":"TypeError: rental.return is not a function\n    at F:\\node js\\vidly\\routes\\returns.js:21:5\n    at processTicksAndRejections (internal/process/task_queues.js:93:5)"}
{"level":"error","message":"rental.return is not a function rental.return is not a function","stack":"TypeError: rental.return is not a function\n    at F:\\node js\\vidly\\routes\\returns.js:21:5\n    at processTicksAndRejections (internal/process/task_queues.js:93:5)"}
{"message":"listening port 4000...","level":"info"}
{"message":"connected to mongodb://localhost/vidly_test","level":"info"}
{"message":"listening port 4000...","level":"info"}
{"message":"connected to mongodb://localhost/vidly_test","level":"info"}
{"message":"listening port 4000...","level":"info"}
{"message":"connected to mongodb://localhost/vidly_test","level":"info"}
{"level":"error","message":"rental.return is not a function rental.return is not a function","stack":"TypeError: rental.return is not a function\n    at F:\\node js\\vidly\\routes\\returns.js:20:5\n    at processTicksAndRejections (internal/process/task_queues.js:93:5)"}
{"level":"error","message":"rental.return is not a function rental.return is not a function","stack":"TypeError: rental.return is not a function\n    at F:\\node js\\vidly\\routes\\returns.js:20:5\n    at processTicksAndRejections (internal/process/task_queues.js:93:5)"}
{"level":"error","message":"rental.return is not a function rental.return is not a function","stack":"TypeError: rental.return is not a function\n    at F:\\node js\\vidly\\routes\\returns.js:20:5\n    at processTicksAndRejections (internal/process/task_queues.js:93:5)"}
{"level":"error","message":"rental.return is not a function rental.return is not a function","stack":"TypeError: rental.return is not a function\n    at F:\\node js\\vidly\\routes\\returns.js:20:5\n    at processTicksAndRejections (internal/process/task_queues.js:93:5)"}
{"level":"error","message":"rental.return is not a function rental.return is not a function","stack":"TypeError: rental.return is not a function\n    at F:\\node js\\vidly\\routes\\returns.js:20:5\n    at processTicksAndRejections (internal/process/task_queues.js:93:5)"}
{"message":"listening port 4000...","level":"info"}
{"message":"connected to mongodb://localhost/vidly_test","level":"info"}
{"message":"listening port 4000...","level":"info"}
{"message":"connected to mongodb://localhost/vidly_test","level":"info"}
{"message":"listening port 4000...","level":"info"}
{"message":"connected to mongodb://localhost/vidly_test","level":"info"}
{"message":"listening port 4000...","level":"info"}
{"message":"connected to mongodb://localhost/vidly_test","level":"info"}
{"message":"listening port 4000...","level":"info"}
{"message":"connected to mongodb://localhost/vidly_test","level":"info"}
{"message":"listening port 4000...","level":"info"}
{"message":"connected to there","level":"info"}
{"message":"listening port 4000...","level":"info"}
{"message":"connected to there","level":"info"}
{"message":"listening port 4000...","level":"info"}
{"message":"connected to mongodb://localhost/vidly_test","level":"info"}
{"message":"listening port 4000...","level":"info"}
{"message":"connected to mongodb://localhost/vidly_test","level":"info"}
{"message":"listening port 4000...","level":"info"}
{"message":"connected to mongodb://localhost/vidly_test","level":"info"}
{"message":"listening port 4000...","level":"info"}
{"message":"connected to mongodb://localhost/vidly_test","level":"info"}
{"message":"listening port 4000...","level":"info"}
{"message":"connected to mongodb://localhost/vidly_test","level":"info"}
{"message":"listening port 4000...","level":"info"}
{"message":"connected to mongodb://localhost/vidly_test","level":"info"}
{"message":"listening port 4000...","level":"info"}
{"message":"listening port 4000...","level":"info"}
{"message":"listening port 4000...","level":"info"}
{"message":"listening port 4000...","level":"info"}
{"message":"listening port 4000...","level":"info"}
{"message":"listening port 4000...","level":"info"}
{"message":"listening port 4000...","level":"info"}
{"message":"listening port 4000...","level":"info"}
{"message":"listening port 4000...","level":"info"}
{"message":"listening port 4000...","level":"info"}
{"message":"listening port 4000...","level":"info"}
{"message":"listening port 4000...","level":"info"}
{"message":"listening port 4000...","level":"info"}
{"message":"listening port 4000...","level":"info"}
{"message":"listening port 4000...","level":"info"}
{"message":"listening port 4000...","level":"info"}
{"message":"listening port 4000...","level":"info"}
{"message":"listening port 4000...","level":"info"}
{"message":"listening port 4000...","level":"info"}
{"message":"listening port 4000...","level":"info"}
{"message":"listening port 4000...","level":"info"}
{"message":"listening port 4000...","level":"info"}
{"message":"listening port 4000...","level":"info"}
{"message":"listening port 4000...","level":"info"}
{"message":"listening port 4000...","level":"info"}
{"message":"listening port 4000...","level":"info"}
{"message":"listening port 4000...","level":"info"}
{"message":"listening port 4000...","level":"info"}
{"message":"listening port 4000...","level":"info"}
{"message":"listening port 4000...","level":"info"}
{"message":"listening port 4000...","level":"info"}
{"level":"error","message":"bucket.uploadAsync is not a function bucket.uploadAsync is not a function","stack":"TypeError: bucket.uploadAsync is not a function\n    at F:\\node js\\vidly\\routes\\gcloud.js:22:8\n    at newFn (F:\\node js\\vidly\\node_modules\\express-async-errors\\index.js:16:20)\n    at Layer.handle [as handle_request] (F:\\node js\\vidly\\node_modules\\express\\lib\\router\\layer.js:95:5)\n    at next (F:\\node js\\vidly\\node_modules\\express\\lib\\router\\route.js:137:13)\n    at Route.dispatch (F:\\node js\\vidly\\node_modules\\express\\lib\\router\\route.js:112:3)\n    at newFn (F:\\node js\\vidly\\node_modules\\express-async-errors\\index.js:16:20)\n    at Layer.handle [as handle_request] (F:\\node js\\vidly\\node_modules\\express\\lib\\router\\layer.js:95:5)\n    at F:\\node js\\vidly\\node_modules\\express\\lib\\router\\index.js:281:22\n    at Function.process_params (F:\\node js\\vidly\\node_modules\\express\\lib\\router\\index.js:335:12)\n    at next (F:\\node js\\vidly\\node_modules\\express\\lib\\router\\index.js:275:10)\n    at Function.handle (F:\\node js\\vidly\\node_modules\\express\\lib\\router\\index.js:174:3)\n    at router (F:\\node js\\vidly\\node_modules\\express\\lib\\router\\index.js:47:12)\n    at newFn (F:\\node js\\vidly\\node_modules\\express-async-errors\\index.js:16:20)\n    at Layer.handle [as handle_request] (F:\\node js\\vidly\\node_modules\\express\\lib\\router\\layer.js:95:5)\n    at trim_prefix (F:\\node js\\vidly\\node_modules\\express\\lib\\router\\index.js:317:13)\n    at F:\\node js\\vidly\\node_modules\\express\\lib\\router\\index.js:284:7\n    at Function.process_params (F:\\node js\\vidly\\node_modules\\express\\lib\\router\\index.js:335:12)\n    at next (F:\\node js\\vidly\\node_modules\\express\\lib\\router\\index.js:275:10)\n    at jsonParser (F:\\node js\\vidly\\node_modules\\body-parser\\lib\\types\\json.js:119:7)\n    at newFn (F:\\node js\\vidly\\node_modules\\express-async-errors\\index.js:16:20)\n    at Layer.handle [as handle_request] (F:\\node js\\vidly\\node_modules\\express\\lib\\router\\layer.js:95:5)\n    at trim_prefix (F:\\node js\\vidly\\node_modules\\express\\lib\\router\\index.js:317:13)"}
{"message":"listening port 4000...","level":"info"}
{"message":"listening port 4000...","level":"info"}
{"message":"listening port 4000...","level":"info"}
{"message":"listening port 4000...","level":"info"}
{"message":"listening port 4000...","level":"info"}
{"message":"listening port 4000...","level":"info"}
{"message":"listening port 4000...","level":"info"}
{"level":"error","message":"filenames is not defined filenames is not defined","stack":"ReferenceError: filenames is not defined\n    at F:\\node js\\vidly\\routes\\gcloud.js:31:11\n    at processTicksAndRejections (internal/process/task_queues.js:93:5)"}
{"message":"listening port 4000...","level":"info"}
{"message":"listening port 4000...","level":"info"}
{"message":"listening port 4000...","level":"info"}
{"message":"listening port 4000...","level":"info"}
{"message":"listening port 4000...","level":"info"}
{"message":"listening port 4000...","level":"info"}
{"level":"error","message":"Busboy is not defined Busboy is not defined","stack":"ReferenceError: Busboy is not defined\n    at F:\\node js\\vidly\\routes\\gcloud.js:62:15\n    at newFn (F:\\node js\\vidly\\node_modules\\express-async-errors\\index.js:16:20)\n    at Layer.handle [as handle_request] (F:\\node js\\vidly\\node_modules\\express\\lib\\router\\layer.js:95:5)\n    at next (F:\\node js\\vidly\\node_modules\\express\\lib\\router\\route.js:137:13)\n    at Route.dispatch (F:\\node js\\vidly\\node_modules\\express\\lib\\router\\route.js:112:3)\n    at newFn (F:\\node js\\vidly\\node_modules\\express-async-errors\\index.js:16:20)\n    at Layer.handle [as handle_request] (F:\\node js\\vidly\\node_modules\\express\\lib\\router\\layer.js:95:5)\n    at F:\\node js\\vidly\\node_modules\\express\\lib\\router\\index.js:281:22\n    at Function.process_params (F:\\node js\\vidly\\node_modules\\express\\lib\\router\\index.js:335:12)\n    at next (F:\\node js\\vidly\\node_modules\\express\\lib\\router\\index.js:275:10)\n    at Function.handle (F:\\node js\\vidly\\node_modules\\express\\lib\\router\\index.js:174:3)\n    at router (F:\\node js\\vidly\\node_modules\\express\\lib\\router\\index.js:47:12)\n    at newFn (F:\\node js\\vidly\\node_modules\\express-async-errors\\index.js:16:20)\n    at Layer.handle [as handle_request] (F:\\node js\\vidly\\node_modules\\express\\lib\\router\\layer.js:95:5)\n    at trim_prefix (F:\\node js\\vidly\\node_modules\\express\\lib\\router\\index.js:317:13)\n    at F:\\node js\\vidly\\node_modules\\express\\lib\\router\\index.js:284:7\n    at Function.process_params (F:\\node js\\vidly\\node_modules\\express\\lib\\router\\index.js:335:12)\n    at next (F:\\node js\\vidly\\node_modules\\express\\lib\\router\\index.js:275:10)\n    at jsonParser (F:\\node js\\vidly\\node_modules\\body-parser\\lib\\types\\json.js:119:7)\n    at newFn (F:\\node js\\vidly\\node_modules\\express-async-errors\\index.js:16:20)\n    at Layer.handle [as handle_request] (F:\\node js\\vidly\\node_modules\\express\\lib\\router\\layer.js:95:5)\n    at trim_prefix (F:\\node js\\vidly\\node_modules\\express\\lib\\router\\index.js:317:13)"}
{"message":"listening port 4000...","level":"info"}
{"level":"error","message":"busboy is not a constructor busboy is not a constructor","stack":"TypeError: busboy is not a constructor\n    at F:\\node js\\vidly\\routes\\gcloud.js:62:15\n    at newFn (F:\\node js\\vidly\\node_modules\\express-async-errors\\index.js:16:20)\n    at Layer.handle [as handle_request] (F:\\node js\\vidly\\node_modules\\express\\lib\\router\\layer.js:95:5)\n    at next (F:\\node js\\vidly\\node_modules\\express\\lib\\router\\route.js:137:13)\n    at Route.dispatch (F:\\node js\\vidly\\node_modules\\express\\lib\\router\\route.js:112:3)\n    at newFn (F:\\node js\\vidly\\node_modules\\express-async-errors\\index.js:16:20)\n    at Layer.handle [as handle_request] (F:\\node js\\vidly\\node_modules\\express\\lib\\router\\layer.js:95:5)\n    at F:\\node js\\vidly\\node_modules\\express\\lib\\router\\index.js:281:22\n    at Function.process_params (F:\\node js\\vidly\\node_modules\\express\\lib\\router\\index.js:335:12)\n    at next (F:\\node js\\vidly\\node_modules\\express\\lib\\router\\index.js:275:10)\n    at Function.handle (F:\\node js\\vidly\\node_modules\\express\\lib\\router\\index.js:174:3)\n    at router (F:\\node js\\vidly\\node_modules\\express\\lib\\router\\index.js:47:12)\n    at newFn (F:\\node js\\vidly\\node_modules\\express-async-errors\\index.js:16:20)\n    at Layer.handle [as handle_request] (F:\\node js\\vidly\\node_modules\\express\\lib\\router\\layer.js:95:5)\n    at trim_prefix (F:\\node js\\vidly\\node_modules\\express\\lib\\router\\index.js:317:13)\n    at F:\\node js\\vidly\\node_modules\\express\\lib\\router\\index.js:284:7\n    at Function.process_params (F:\\node js\\vidly\\node_modules\\express\\lib\\router\\index.js:335:12)\n    at next (F:\\node js\\vidly\\node_modules\\express\\lib\\router\\index.js:275:10)\n    at jsonParser (F:\\node js\\vidly\\node_modules\\body-parser\\lib\\types\\json.js:119:7)\n    at newFn (F:\\node js\\vidly\\node_modules\\express-async-errors\\index.js:16:20)\n    at Layer.handle [as handle_request] (F:\\node js\\vidly\\node_modules\\express\\lib\\router\\layer.js:95:5)\n    at trim_prefix (F:\\node js\\vidly\\node_modules\\express\\lib\\router\\index.js:317:13)"}
{"message":"listening port 4000...","level":"info"}
{"level":"error","message":"busboy is not a constructor busboy is not a constructor","stack":"TypeError: busboy is not a constructor\n    at F:\\node js\\vidly\\routes\\gcloud.js:62:15\n    at newFn (F:\\node js\\vidly\\node_modules\\express-async-errors\\index.js:16:20)\n    at Layer.handle [as handle_request] (F:\\node js\\vidly\\node_modules\\express\\lib\\router\\layer.js:95:5)\n    at next (F:\\node js\\vidly\\node_modules\\express\\lib\\router\\route.js:137:13)\n    at Route.dispatch (F:\\node js\\vidly\\node_modules\\express\\lib\\router\\route.js:112:3)\n    at newFn (F:\\node js\\vidly\\node_modules\\express-async-errors\\index.js:16:20)\n    at Layer.handle [as handle_request] (F:\\node js\\vidly\\node_modules\\express\\lib\\router\\layer.js:95:5)\n    at F:\\node js\\vidly\\node_modules\\express\\lib\\router\\index.js:281:22\n    at Function.process_params (F:\\node js\\vidly\\node_modules\\express\\lib\\router\\index.js:335:12)\n    at next (F:\\node js\\vidly\\node_modules\\express\\lib\\router\\index.js:275:10)\n    at Function.handle (F:\\node js\\vidly\\node_modules\\express\\lib\\router\\index.js:174:3)\n    at router (F:\\node js\\vidly\\node_modules\\express\\lib\\router\\index.js:47:12)\n    at newFn (F:\\node js\\vidly\\node_modules\\express-async-errors\\index.js:16:20)\n    at Layer.handle [as handle_request] (F:\\node js\\vidly\\node_modules\\express\\lib\\router\\layer.js:95:5)\n    at trim_prefix (F:\\node js\\vidly\\node_modules\\express\\lib\\router\\index.js:317:13)\n    at F:\\node js\\vidly\\node_modules\\express\\lib\\router\\index.js:284:7\n    at Function.process_params (F:\\node js\\vidly\\node_modules\\express\\lib\\router\\index.js:335:12)\n    at next (F:\\node js\\vidly\\node_modules\\express\\lib\\router\\index.js:275:10)\n    at jsonParser (F:\\node js\\vidly\\node_modules\\body-parser\\lib\\types\\json.js:119:7)\n    at newFn (F:\\node js\\vidly\\node_modules\\express-async-errors\\index.js:16:20)\n    at Layer.handle [as handle_request] (F:\\node js\\vidly\\node_modules\\express\\lib\\router\\layer.js:95:5)\n    at trim_prefix (F:\\node js\\vidly\\node_modules\\express\\lib\\router\\index.js:317:13)"}
{"message":"listening port 4000...","level":"info"}
{"level":"error","message":"busboy is not a constructor busboy is not a constructor","stack":"TypeError: busboy is not a constructor\n    at F:\\node js\\vidly\\routes\\gcloud.js:63:15\n    at newFn (F:\\node js\\vidly\\node_modules\\express-async-errors\\index.js:16:20)\n    at Layer.handle [as handle_request] (F:\\node js\\vidly\\node_modules\\express\\lib\\router\\layer.js:95:5)\n    at next (F:\\node js\\vidly\\node_modules\\express\\lib\\router\\route.js:137:13)\n    at Route.dispatch (F:\\node js\\vidly\\node_modules\\express\\lib\\router\\route.js:112:3)\n    at newFn (F:\\node js\\vidly\\node_modules\\express-async-errors\\index.js:16:20)\n    at Layer.handle [as handle_request] (F:\\node js\\vidly\\node_modules\\express\\lib\\router\\layer.js:95:5)\n    at F:\\node js\\vidly\\node_modules\\express\\lib\\router\\index.js:281:22\n    at Function.process_params (F:\\node js\\vidly\\node_modules\\express\\lib\\router\\index.js:335:12)\n    at next (F:\\node js\\vidly\\node_modules\\express\\lib\\router\\index.js:275:10)\n    at Function.handle (F:\\node js\\vidly\\node_modules\\express\\lib\\router\\index.js:174:3)\n    at router (F:\\node js\\vidly\\node_modules\\express\\lib\\router\\index.js:47:12)\n    at newFn (F:\\node js\\vidly\\node_modules\\express-async-errors\\index.js:16:20)\n    at Layer.handle [as handle_request] (F:\\node js\\vidly\\node_modules\\express\\lib\\router\\layer.js:95:5)\n    at trim_prefix (F:\\node js\\vidly\\node_modules\\express\\lib\\router\\index.js:317:13)\n    at F:\\node js\\vidly\\node_modules\\express\\lib\\router\\index.js:284:7\n    at Function.process_params (F:\\node js\\vidly\\node_modules\\express\\lib\\router\\index.js:335:12)\n    at next (F:\\node js\\vidly\\node_modules\\express\\lib\\router\\index.js:275:10)\n    at jsonParser (F:\\node js\\vidly\\node_modules\\body-parser\\lib\\types\\json.js:119:7)\n    at newFn (F:\\node js\\vidly\\node_modules\\express-async-errors\\index.js:16:20)\n    at Layer.handle [as handle_request] (F:\\node js\\vidly\\node_modules\\express\\lib\\router\\layer.js:95:5)\n    at trim_prefix (F:\\node js\\vidly\\node_modules\\express\\lib\\router\\index.js:317:13)"}
{"message":"listening port 4000...","level":"info"}
{"message":"listening port 4000...","level":"info"}
{"message":"listening port 4000...","level":"info"}
{"message":"listening port 4000...","level":"info"}
{"message":"listening port 4000...","level":"info"}
{"message":"listening port 4000...","level":"info"}
{"message":"listening port 4000...","level":"info"}
{"message":"listening port 4000...","level":"info"}
{"message":"listening port 4000...","level":"info"}
{"message":"listening port 4000...","level":"info"}
{"message":"listening port 4000...","level":"info"}
{"message":"listening port 4000...","level":"info"}
{"message":"listening port 4000...","level":"info"}
{"message":"listening port 4000...","level":"info"}
{"message":"listening port 4000...","level":"info"}
{"message":"listening port 4000...","level":"info"}
{"message":"listening port 4000...","level":"info"}
{"message":"listening port 4000...","level":"info"}
{"message":"listening port 4000...","level":"info"}
{"message":"listening port 4000...","level":"info"}
{"message":"listening port 4000...","level":"info"}
{"message":"listening port 4000...","level":"info"}
{"message":"listening port 4000...","level":"info"}
{"message":"listening port 4000...","level":"info"}
{"message":"listening port 4000...","level":"info"}
{"message":"listening port 4000...","level":"info"}
{"message":"listening port 4000...","level":"info"}
{"message":"listening port 4000...","level":"info"}
{"message":"listening port 4000...","level":"info"}
{"message":"listening port 4000...","level":"info"}
{"message":"listening port 4000...","level":"info"}
{"message":"listening port 4000...","level":"info"}
{"message":"listening port 4000...","level":"info"}
{"message":"listening port 4000...","level":"info"}
{"message":"listening port 4000...","level":"info"}
{"message":"listening port 4000...","level":"info"}
{"message":"listening port 4000...","level":"info"}
{"message":"listening port 4000...","level":"info"}
{"message":"listening port 4000...","level":"info"}
{"message":"listening port 4000...","level":"info"}
{"message":"listening port 4000...","level":"info"}
{"message":"listening port 4000...","level":"info"}
{"message":"listening port 4000...","level":"info"}
{"message":"listening port 4000...","level":"info"}
{"message":"listening port 4000...","level":"info"}
{"message":"listening port 4000...","level":"info"}
{"message":"listening port 4000...","level":"info"}
{"message":"listening port 4000...","level":"info"}
{"message":"listening port 4000...","level":"info"}
{"message":"listening port 4000...","level":"info"}
{"message":"listening port 4000...","level":"info"}
{"message":"listening port 4000...","level":"info"}
{"message":"listening port 4000...","level":"info"}
{"message":"listening port 4000...","level":"info"}
{"message":"listening port 4000...","level":"info"}
{"message":"listening port 4000...","level":"info"}
{"message":"listening port 4000...","level":"info"}
{"message":"listening port 4000...","level":"info"}
{"message":"listening port 4000...","level":"info"}
{"message":"listening port 4000...","level":"info"}
{"message":"listening port 4000...","level":"info"}
{"message":"listening port 4000...","level":"info"}
{"message":"listening port 4000...","level":"info"}
{"message":"listening port 4000...","level":"info"}
{"message":"listening port 4000...","level":"info"}
{"message":"listening port 4000...","level":"info"}
{"message":"listening port 4000...","level":"info"}
{"message":"listening port 4000...","level":"info"}
{"message":"listening port 4000...","level":"info"}
{"message":"listening port 4000...","level":"info"}
{"message":"listening port 4000...","level":"info"}
{"message":"listening port 4000...","level":"info"}
{"message":"listening port 4000...","level":"info"}
{"message":"listening port 4000...","level":"info"}
{"message":"listening port 4000...","level":"info"}
{"message":"listening port 4000...","level":"info"}
{"message":"listening port 4000...","level":"info"}
{"message":"listening port 4000...","level":"info"}
{"message":"listening port 4000...","level":"info"}
{"message":"listening port 4000...","level":"info"}
{"message":"listening port 4000...","level":"info"}
{"message":"listening port 4000...","level":"info"}
{"message":"listening port 4000...","level":"info"}
